android/app/build/intermediates/manifest_merge_blame_file/debug/manifest-merger-blame-debug-report.txt
1<?xml version="1.0" encoding="utf-8"?>
2<manifest xmlns:android="http://schemas.android.com/apk/res/android"
3    package="com.felixpro"
4    android:versionCode="4194319"
5    android:versionName="1.1.1" >
6
7    <uses-sdk
8        android:minSdkVersion="21"
8-->src/main/AndroidManifest.xml
9        android:targetSdkVersion="29" />
9-->src/main/AndroidManifest.xml
10
11    <uses-permission android:name="android.permission.INTERNET" />
11-->src/main/AndroidManifest.xml:4:5-67
11-->src/main/AndroidManifest.xml:4:22-64
12    <uses-permission android:name="android.permission.SYSTEM_ALERT_WINDOW" />
12-->src/main/AndroidManifest.xml:5:5-77
12-->src/main/AndroidManifest.xml:5:22-75
13    <uses-permission android:name="android.permission.READ_EXTERNAL_STORAGE" />
13-->src/main/AndroidManifest.xml:6:5-79
13-->src/main/AndroidManifest.xml:6:22-77
14    <uses-permission android:name="android.permission.WRITE_EXTERNAL_STORAGE" />
14-->src/main/AndroidManifest.xml:7:4-80
14-->src/main/AndroidManifest.xml:7:21-77
15    <uses-permission android:name="android.permission.ACCESS_WIFI_STATE" />
15-->[com.facebook.flipper:flipper:0.54.0] AndroidManifest.xml:16:5-76
15-->[com.facebook.flipper:flipper:0.54.0] AndroidManifest.xml:16:22-73
16    <uses-permission android:name="android.permission.ACCESS_NETWORK_STATE" />
16-->[:react-native-community_netinfo] AndroidManifest.xml:9:5-79
16-->[:react-native-community_netinfo] AndroidManifest.xml:9:22-76
17    <uses-permission android:name="android.permission.ACCESS_FINE_LOCATION" />
17-->[:react-native-mapbox-gl_maps] AndroidManifest.xml:12:5-79
17-->[:react-native-mapbox-gl_maps] AndroidManifest.xml:12:22-76
18    <uses-permission android:name="android.permission.ACCESS_COARSE_LOCATION" /> <!-- Required to access Google Play Licensing -->
18-->[:react-native-maps] AndroidManifest.xml:10:5-81
18-->[:react-native-maps] AndroidManifest.xml:10:22-78
19    <uses-permission android:name="com.android.vending.CHECK_LICENSE" />
19-->[:rn-fetch-blob] AndroidManifest.xml:12:5-73
19-->[:rn-fetch-blob] AndroidManifest.xml:12:22-70
20    <!--
21         Required to keep CPU alive while downloading files
22        (NOT to keep screen awake)
23    -->
24    <uses-permission android:name="android.permission.WAKE_LOCK" />
24-->[:rn-fetch-blob] AndroidManifest.xml:21:5-68
24-->[:rn-fetch-blob] AndroidManifest.xml:21:22-65
25
26    <uses-feature
26-->[com.mapbox.mapboxsdk:mapbox-android-sdk:9.1.0] AndroidManifest.xml:9:5-11:35
27        android:glEsVersion="0x00020000"
27-->[com.mapbox.mapboxsdk:mapbox-android-sdk:9.1.0] AndroidManifest.xml:10:9-41
28        android:required="true" />
28-->[com.mapbox.mapboxsdk:mapbox-android-sdk:9.1.0] AndroidManifest.xml:11:9-32
29    <uses-feature
29-->[com.mapbox.mapboxsdk:mapbox-android-sdk:9.1.0] AndroidManifest.xml:12:5-14:36
30        android:name="android.hardware.wifi"
30-->[com.mapbox.mapboxsdk:mapbox-android-sdk:9.1.0] AndroidManifest.xml:13:9-45
31        android:required="false" />
31-->[com.mapbox.mapboxsdk:mapbox-android-sdk:9.1.0] AndroidManifest.xml:14:9-33
32
33    <application
33-->src/main/AndroidManifest.xml:10:5-32:19
34        android:name="com.felixpro.MainApplication"
34-->src/main/AndroidManifest.xml:11:7-38
35        android:allowBackup="false"
35-->src/main/AndroidManifest.xml:14:7-34
36        android:appComponentFactory="androidx.core.app.CoreComponentFactory"
36-->[androidx.core:core:1.3.0] AndroidManifest.xml:24:18-86
37        android:debuggable="true"
38        android:icon="@mipmap/ic_launcher"
38-->src/main/AndroidManifest.xml:13:7-41
39        android:label="@string/app_name"
39-->src/main/AndroidManifest.xml:12:7-39
40        android:theme="@style/AppTheme"
40-->src/main/AndroidManifest.xml:16:7-38
41        android:usesCleartextTraffic="true" >
41-->src/main/AndroidManifest.xml:15:7-42
42        <meta-data
42-->src/main/AndroidManifest.xml:17:7-19:64
43            android:name="com.google.android.geo.API_KEY"
43-->src/main/AndroidManifest.xml:18:7-52
44            android:value="AIzaSyDvaS7W8iRIZTGJ6v5yePMWF4B2sCEVWqg" />
44-->src/main/AndroidManifest.xml:19:7-62
45
46        <activity
46-->src/main/AndroidManifest.xml:20:7-30:18
47            android:name="com.felixpro.MainActivity"
47-->src/main/AndroidManifest.xml:21:9-37
48            android:configChanges="keyboard|keyboardHidden|orientation|screenSize|uiMode"
48-->src/main/AndroidManifest.xml:23:9-86
49            android:label="@string/app_name"
49-->src/main/AndroidManifest.xml:22:9-41
50            android:launchMode="singleTask"
50-->src/main/AndroidManifest.xml:24:9-40
51            android:windowSoftInputMode="adjustResize" >
51-->src/main/AndroidManifest.xml:25:9-51
52            <intent-filter>
52-->src/main/AndroidManifest.xml:26:9-29:25
53                <action android:name="android.intent.action.MAIN" />
53-->src/main/AndroidManifest.xml:27:13-65
53-->src/main/AndroidManifest.xml:27:21-62
54
55                <category android:name="android.intent.category.LAUNCHER" />
55-->src/main/AndroidManifest.xml:28:13-73
55-->src/main/AndroidManifest.xml:28:23-70
56            </intent-filter>
57        </activity>
58        <activity android:name="com.facebook.react.devsupport.DevSettingsActivity" />
58-->src/main/AndroidManifest.xml:31:7-84
58-->src/main/AndroidManifest.xml:31:17-81
59
60        <provider
60-->[:react-native-webview] AndroidManifest.xml:12:9-20:20
61            android:name="com.reactnativecommunity.webview.RNCWebViewFileProvider"
61-->[:react-native-webview] AndroidManifest.xml:13:13-83
62            android:authorities="com.felixpro.fileprovider"
62-->[:react-native-webview] AndroidManifest.xml:14:13-64
63            android:exported="false"
63-->[:react-native-webview] AndroidManifest.xml:15:13-37
64            android:grantUriPermissions="true" >
64-->[:react-native-webview] AndroidManifest.xml:16:13-47
65            <meta-data
65-->[:react-native-webview] AndroidManifest.xml:17:13-19:63
66                android:name="android.support.FILE_PROVIDER_PATHS"
66-->[:react-native-webview] AndroidManifest.xml:18:17-67
67                android:resource="@xml/file_provider_paths" />
67-->[:react-native-webview] AndroidManifest.xml:19:17-60
68        </provider>
69        <provider
69-->[:rn-fetch-blob] AndroidManifest.xml:36:9-44:20
70            android:name="com.RNFetchBlob.Utils.FileProvider"
70-->[:rn-fetch-blob] AndroidManifest.xml:37:13-62
71            android:authorities="com.felixpro.provider"
71-->[:rn-fetch-blob] AndroidManifest.xml:38:13-60
72            android:exported="false"
72-->[:rn-fetch-blob] AndroidManifest.xml:39:13-37
73            android:grantUriPermissions="true" >
73-->[:rn-fetch-blob] AndroidManifest.xml:40:13-47
74            <meta-data
74-->[:react-native-webview] AndroidManifest.xml:17:13-19:63
75                android:name="android.support.FILE_PROVIDER_PATHS"
75-->[:react-native-webview] AndroidManifest.xml:18:17-67
76                android:resource="@xml/provider_paths" />
76-->[:react-native-webview] AndroidManifest.xml:19:17-60
77        </provider> <!-- Needs to be explicitly declared on P+ -->
78        <uses-library
78-->[com.google.android.gms:play-services-maps:17.0.0] AndroidManifest.xml:33:9-35:40
79            android:name="org.apache.http.legacy"
79-->[com.google.android.gms:play-services-maps:17.0.0] AndroidManifest.xml:34:13-50
80            android:required="false" />
80-->[com.google.android.gms:play-services-maps:17.0.0] AndroidManifest.xml:35:13-37
81
82        <activity
82-->[com.google.android.gms:play-services-base:17.0.0] AndroidManifest.xml:23:9-26:75
83            android:name="com.google.android.gms.common.api.GoogleApiActivity"
83-->[com.google.android.gms:play-services-base:17.0.0] AndroidManifest.xml:24:13-79
84            android:exported="false"
84-->[com.google.android.gms:play-services-base:17.0.0] AndroidManifest.xml:25:13-37
85            android:theme="@android:style/Theme.Translucent.NoTitleBar" />
85-->[com.google.android.gms:play-services-base:17.0.0] AndroidManifest.xml:26:13-72
86
87        <meta-data
87-->[com.github.bumptech.glide:okhttp3-integration:4.11.0] AndroidManifest.xml:11:9-13:43
88            android:name="com.bumptech.glide.integration.okhttp3.OkHttpGlideModule"
88-->[com.github.bumptech.glide:okhttp3-integration:4.11.0] AndroidManifest.xml:12:13-84
89            android:value="GlideModule" />
89-->[com.github.bumptech.glide:okhttp3-integration:4.11.0] AndroidManifest.xml:13:13-40
90        <meta-data
90-->[com.google.android.gms:play-services-basement:17.0.0] AndroidManifest.xml:23:9-25:69
91            android:name="com.google.android.gms.version"
91-->[com.google.android.gms:play-services-basement:17.0.0] AndroidManifest.xml:24:13-58
92            android:value="@integer/google_play_services_version" />
92-->[com.google.android.gms:play-services-basement:17.0.0] AndroidManifest.xml:25:13-66
93
94        <provider
94-->[com.mapbox.mapboxsdk:mapbox-android-telemetry:5.0.0] AndroidManifest.xml:18:9-22:39
95            android:name="com.mapbox.android.telemetry.provider.MapboxTelemetryInitProvider"
95-->[com.mapbox.mapboxsdk:mapbox-android-telemetry:5.0.0] AndroidManifest.xml:19:13-93
96            android:authorities="com.felixpro.mapboxtelemetryinitprovider"
96-->[com.mapbox.mapboxsdk:mapbox-android-telemetry:5.0.0] AndroidManifest.xml:20:13-79
97            android:exported="false"
97-->[com.mapbox.mapboxsdk:mapbox-android-telemetry:5.0.0] AndroidManifest.xml:21:13-37
98            android:initOrder="100" />
98-->[com.mapbox.mapboxsdk:mapbox-android-telemetry:5.0.0] AndroidManifest.xml:22:13-36
99
100        <service
100-->[com.mapbox.mapboxsdk:mapbox-android-telemetry:5.0.0] AndroidManifest.xml:24:9-26:72
101            android:name="com.mapbox.android.telemetry.crash.CrashReporterJobIntentService"
101-->[com.mapbox.mapboxsdk:mapbox-android-telemetry:5.0.0] AndroidManifest.xml:25:13-92
102            android:permission="android.permission.BIND_JOB_SERVICE" />
102-->[com.mapbox.mapboxsdk:mapbox-android-telemetry:5.0.0] AndroidManifest.xml:26:13-69
103    </application>
104
105</manifest>